<?xml version="1.0" encoding="UTF-8"?>
<!-- Generated by org.testng.reporters.JUnitReportReporter -->
<testsuite hostname="syed" failures="0" tests="3" name="runner.TestRunner" time="24.128" errors="0" timestamp="2023-10-12T12:32:39 EDT" skipped="0">
  <testcase classname="runner.TestRunner" name="runScenario" time="4.929"/>
  <system-out/>
  <testcase classname="runner.TestRunner" name="runScenario" time="16.544"/>
  <system-out/>
  <testcase classname="runner.TestRunner" name="runScenario" time="2.655"/>
  <system-out/>
</testsuite> <!-- runner.TestRunner -->
