<?xml version="1.0" encoding="UTF-8"?>
<!-- Generated by org.testng.reporters.JUnitReportReporter -->
<testsuite hostname="syed" failures="0" tests="3" name="runner.TestRunner" time="17.657" errors="0" timestamp="2023-10-29T14:04:12 EDT" skipped="0">
  <testcase classname="runner.TestRunner" name="runScenario" time="7.594"/>
  <system-out/>
  <testcase classname="runner.TestRunner" name="runScenario" time="5.121"/>
  <system-out/>
  <testcase classname="runner.TestRunner" name="runScenario" time="4.942"/>
  <system-out/>
</testsuite> <!-- runner.TestRunner -->
