<?xml version="1.0" encoding="UTF-8"?>
<!-- Generated by org.testng.reporters.JUnitReportReporter -->
<testsuite hostname="syed" failures="0" tests="3" name="runner.TestRunner" time="9.190" errors="0" timestamp="2023-10-12T11:41:18 EDT" skipped="0">
  <testcase classname="runner.TestRunner" name="runScenario" time="3.821"/>
  <system-out/>
  <testcase classname="runner.TestRunner" name="runScenario" time="2.566"/>
  <system-out/>
  <testcase classname="runner.TestRunner" name="runScenario" time="2.803"/>
  <system-out/>
</testsuite> <!-- runner.TestRunner -->
